生成启动时间为 2014/11/16 2:58:34。
     1>项目“F:\Project\dev\clientsite\BuddyAnalyse\BuddyAnalyse.vcxproj”在节点 2 上(Build 个目标)。
     1>ClCompile:
         D:\Program Files (x86)\Microsoft Visual Studio 11.0\VC\bin\CL.exe /c /ZI /nologo /W3 /WX- /sdl /Od /Oy- /D WIN32 /D _WINDOWS /D _DEBUG /D _UNICODE /D UNICODE /D _AFXDLL /Gm /EHsc /RTC1 /MDd /GS /fp:precise /Zc:wchar_t /Zc:forScope /Yu"stdafx.h" /Fp"Debug\BuddyAnalyse.pch" /Fo"Debug\\" /Fd"Debug\vc110.pdb" /Gd /TP /analyze- /errorReport:prompt BuddyAnalyse.cpp BuddyAnalyseView.cpp
         BuddyAnalyseView.cpp
         正在生成代码...
         正在跳过...(未检测到相关更改)
         BuddyAnalyse.cpp
       Link:
         D:\Program Files (x86)\Microsoft Visual Studio 11.0\VC\bin\link.exe /ERRORREPORT:PROMPT /OUT:"F:\Project\dev\clientsite\Debug\BuddyAnalyse.exe" /INCREMENTAL /NOLOGO /MANIFEST /MANIFESTUAC:"level='asInvoker' uiAccess='false'" /manifest:embed /manifestinput:"D:\Program Files (x86)\Microsoft Visual Studio 11.0\VC\Include\Manifest\dpiaware.manifest" /DEBUG /PDB:"F:\Project\dev\clientsite\Debug\BuddyAnalyse.pdb" /SUBSYSTEM:WINDOWS /TLBID:1 /ENTRY:"wWinMainCRTStartup" /DYNAMICBASE /NXCOMPAT /IMPLIB:"F:\Project\dev\clientsite\Debug\BuddyAnalyse.lib" /MACHINE:X86 Debug\BuddyAnalyse.res
         Debug\GridCtrl.obj
         Debug\GridDropTarget.obj
         Debug\InPlaceEdit.obj
         Debug\TitleTip.obj
         Debug\Util_String.obj
         Debug\Util_XMLDOM.obj
         Debug\Util_XMLSAX.obj
         Debug\stdafx.obj
         Debug\BuddyAnalyse.obj
         Debug\BuddyAnalyseDoc.obj
         Debug\BuddyAnalyseView.obj
         Debug\ChildFrm.obj
         Debug\ClassView.obj
         Debug\FileView.obj
         Debug\MainFrm.obj
         Debug\OutputWnd.obj
         Debug\PropertiesWnd.obj
         Debug\stdafx.obj
         Debug\ViewTree.obj
         BuddyAnalyse.vcxproj -> F:\Project\dev\clientsite\Debug\BuddyAnalyse.exe
     1>已完成生成项目“F:\Project\dev\clientsite\BuddyAnalyse\BuddyAnalyse.vcxproj”(Build 个目标)的操作。

生成成功。

已用时间 00:00:00.59
